the classes passed in : ['lion', 'tiger', 'wolf']
 the indeces: [43, 88, 97]
Files already downloaded and verified
Files already downloaded and verified
Files already downloaded and verified
resuming from previous trianing : three_select/lion_tiger_wolf
Train Epoch: 1 [0/50000 (0%)]	Train Loss: 4.614716	Val Loss: 4.559694	Val Acc: 6.666666507720947
Train Epoch: 1 [30/50000 (3%)]	Train Loss: 4.608621	Val Loss: 4.549654	Val Acc: 6.666666507720947
Train Epoch: 1 [60/50000 (5%)]	Train Loss: 4.613324	Val Loss: 4.549387	Val Acc: 6.666666507720947
Train Epoch: 1 [90/50000 (8%)]	Train Loss: 4.612432	Val Loss: 4.531757	Val Acc: 13.333333015441895
Train Epoch: 1 [120/50000 (10%)]	Train Loss: 4.612237	Val Loss: 4.549463	Val Acc: 6.666666507720947
Train Epoch: 1 [150/50000 (13%)]	Train Loss: 4.610435	Val Loss: 4.611399	Val Acc: 0.0
Train Epoch: 1 [180/50000 (15%)]	Train Loss: 4.284830	Val Loss: 4.608008	Val Acc: 0.0
Train Epoch: 1 [210/50000 (18%)]	Train Loss: 4.616004	Val Loss: 4.610378	Val Acc: 0.0
Train Epoch: 1 [240/50000 (20%)]	Train Loss: 4.614366	Val Loss: 4.494209	Val Acc: 20.0
Train Epoch: 1 [270/50000 (23%)]	Train Loss: 4.608398	Val Loss: 4.610797	Val Acc: 0.0
Train Epoch: 1 [300/50000 (26%)]	Train Loss: 4.609335	Val Loss: 4.610990	Val Acc: 0.0
Train Epoch: 1 [330/50000 (28%)]	Train Loss: 4.611712	Val Loss: 4.522908	Val Acc: 6.666666507720947
Train Epoch: 1 [360/50000 (31%)]	Train Loss: 4.283014	Val Loss: 4.510143	Val Acc: 13.333333015441895
Train Epoch: 1 [390/50000 (33%)]	Train Loss: 4.605494	Val Loss: 4.509123	Val Acc: 13.333333015441895
Train Epoch: 1 [420/50000 (36%)]	Train Loss: 4.610423	Val Loss: 4.531050	Val Acc: 13.333333015441895
Train Epoch: 1 [450/50000 (38%)]	Train Loss: 4.607563	Val Loss: 4.603167	Val Acc: 0.0
Train Epoch: 1 [480/50000 (41%)]	Train Loss: 4.615517	Val Loss: 4.610978	Val Acc: 0.0
Train Epoch: 1 [510/50000 (43%)]	Train Loss: 4.618330	Val Loss: 4.610175	Val Acc: 0.0
Train Epoch: 1 [540/50000 (46%)]	Train Loss: 4.612535	Val Loss: 4.614871	Val Acc: 0.0
Train Epoch: 1 [570/50000 (49%)]	Train Loss: 4.614882	Val Loss: 4.611021	Val Acc: 0.0
Train Epoch: 1 [600/50000 (51%)]	Train Loss: 4.612164	Val Loss: 4.611927	Val Acc: 0.0
Train Epoch: 1 [630/50000 (54%)]	Train Loss: 4.612896	Val Loss: 4.610713	Val Acc: 0.0
Train Epoch: 1 [660/50000 (56%)]	Train Loss: 4.612028	Val Loss: 4.610040	Val Acc: 0.0
Train Epoch: 1 [690/50000 (59%)]	Train Loss: 4.613653	Val Loss: 4.610725	Val Acc: 0.0
Train Epoch: 1 [720/50000 (61%)]	Train Loss: 4.613980	Val Loss: 4.529349	Val Acc: 13.333333015441895
Train Epoch: 1 [750/50000 (64%)]	Train Loss: 4.610312	Val Loss: 4.548322	Val Acc: 6.666666507720947
Train Epoch: 1 [780/50000 (66%)]	Train Loss: 4.606981	Val Loss: 4.613551	Val Acc: 0.0
Train Epoch: 1 [810/50000 (69%)]	Train Loss: 4.613127	Val Loss: 4.518156	Val Acc: 13.333333015441895
Train Epoch: 1 [840/50000 (72%)]	Train Loss: 4.566931	Val Loss: 4.610782	Val Acc: 0.0
Train Epoch: 1 [870/50000 (74%)]	Train Loss: 4.614296	Val Loss: 4.612627	Val Acc: 0.0
Train Epoch: 1 [900/50000 (77%)]	Train Loss: 4.612048	Val Loss: 4.547148	Val Acc: 6.666666507720947
Train Epoch: 1 [930/50000 (79%)]	Train Loss: 4.610077	Val Loss: 4.554843	Val Acc: 6.666666507720947
Train Epoch: 1 [960/50000 (82%)]	Train Loss: 4.615804	Val Loss: 4.612510	Val Acc: 0.0
Train Epoch: 1 [990/50000 (84%)]	Train Loss: 4.607297	Val Loss: 4.610932	Val Acc: 0.0
Train Epoch: 1 [1020/50000 (87%)]	Train Loss: 4.607528	Val Loss: 4.554462	Val Acc: 6.666666507720947
Train Epoch: 1 [1050/50000 (90%)]	Train Loss: 4.607822	Val Loss: 4.595358	Val Acc: 0.0
Train Epoch: 1 [1080/50000 (92%)]	Train Loss: 4.609925	Val Loss: 4.611728	Val Acc: 0.0
Train Epoch: 1 [1110/50000 (95%)]	Train Loss: 4.614370	Val Loss: 4.547739	Val Acc: 6.666666507720947
Train Epoch: 1 [1140/50000 (97%)]	Train Loss: 4.605262	Val Loss: 4.610300	Val Acc: 0.0
Train Epoch: 1 [390/50000 (100%)]	Train Loss: 4.606205	Val Loss: 4.603128	Val Acc: 0.0
no match

test set: Average loss: 4.5857, Accuracy: 7/234 (3%)

updated the model
Train Epoch: 2 [0/50000 (0%)]	Train Loss: 4.429734	Val Loss: 4.530802	Val Acc: 13.333333015441895
Train Epoch: 2 [30/50000 (3%)]	Train Loss: 4.616718	Val Loss: 4.612810	Val Acc: 0.0
Train Epoch: 2 [60/50000 (5%)]	Train Loss: 4.612966	Val Loss: 4.551829	Val Acc: 6.666666507720947
Train Epoch: 2 [90/50000 (8%)]	Train Loss: 4.614021	Val Loss: 4.601882	Val Acc: 6.666666507720947
Train Epoch: 2 [120/50000 (10%)]	Train Loss: 4.618008	Val Loss: 4.613021	Val Acc: 0.0
Train Epoch: 2 [150/50000 (13%)]	Train Loss: 4.611850	Val Loss: 4.611954	Val Acc: 0.0
Train Epoch: 2 [180/50000 (15%)]	Train Loss: 4.610437	Val Loss: 4.611289	Val Acc: 0.0
Train Epoch: 2 [210/50000 (18%)]	Train Loss: 4.607859	Val Loss: 4.562556	Val Acc: 6.666666507720947
Train Epoch: 2 [240/50000 (20%)]	Train Loss: 4.590185	Val Loss: 4.605966	Val Acc: 0.0
Train Epoch: 2 [270/50000 (23%)]	Train Loss: 4.614440	Val Loss: 4.608431	Val Acc: 0.0
